--------------------------------------------------------------------------------
Release 14.7 Trace  (lin64)
Copyright (c) 1995-2013 Xilinx, Inc.  All rights reserved.

/opt/Xilinx/14.7/ISE_DS/ISE/bin/lin64/unwrapped/trce -intstyle ise -v 3 -s 3 -n
3 -fastpaths -xml main.twx main.ncd -o main.twr main.pcf -ucf Nexys3_Master.ucf

Design file:              main.ncd
Physical constraint file: main.pcf
Device,package,speed:     xc6slx16,csg324,C,-3 (PRODUCTION 1.23 2013-10-13)
Report level:             verbose report

Environment Variable      Effect 
--------------------      ------ 
NONE                      No environment variables were set
--------------------------------------------------------------------------------

INFO:Timing:2698 - No timing constraints found, doing default enumeration.
INFO:Timing:3412 - To improve timing, see the Timing Closure User Guide (UG612).
INFO:Timing:2752 - To get complete path coverage, use the unconstrained paths 
   option. All paths that are not constrained will be reported in the 
   unconstrained paths section(s) of the report.
INFO:Timing:3339 - The clock-to-out numbers in this timing report are based on 
   a 50 Ohm transmission line loading model.  For the details of this model, 
   and for more information on accounting for different loading conditions, 
   please see the device datasheet.



Data Sheet report:
-----------------
All values displayed in nanoseconds (ns)

Setup/Hold to clock clk
------------+------------+------------+------------+------------+------------------+--------+
            |Max Setup to|  Process   |Max Hold to |  Process   |                  | Clock  |
Source      | clk (edge) |   Corner   | clk (edge) |   Corner   |Internal Clock(s) | Phase  |
------------+------------+------------+------------+------------+------------------+--------+
btn         |    2.751(R)|      SLOW  |   -1.243(R)|      FAST  |clk_BUFGP         |   0.000|
------------+------------+------------+------------+------------+------------------+--------+

Clock clk to Pad
------------+-----------------+------------+-----------------+------------+------------------+--------+
            |Max (slowest) clk|  Process   |Min (fastest) clk|  Process   |                  | Clock  |
Destination |  (edge) to PAD  |   Corner   |  (edge) to PAD  |   Corner   |Internal Clock(s) | Phase  |
------------+-----------------+------------+-----------------+------------+------------------+--------+
an<0>       |         9.041(R)|      SLOW  |         4.914(R)|      FAST  |clk_BUFGP         |   0.000|
an<1>       |         9.074(R)|      SLOW  |         4.930(R)|      FAST  |clk_BUFGP         |   0.000|
an<2>       |         8.728(R)|      SLOW  |         4.828(R)|      FAST  |clk_BUFGP         |   0.000|
an<3>       |         8.741(R)|      SLOW  |         4.842(R)|      FAST  |clk_BUFGP         |   0.000|
sseg<0>     |        13.272(R)|      SLOW  |         5.157(R)|      FAST  |clk_BUFGP         |   0.000|
sseg<1>     |        12.666(R)|      SLOW  |         5.068(R)|      FAST  |clk_BUFGP         |   0.000|
sseg<2>     |        13.503(R)|      SLOW  |         5.209(R)|      FAST  |clk_BUFGP         |   0.000|
sseg<3>     |        13.641(R)|      SLOW  |         5.118(R)|      FAST  |clk_BUFGP         |   0.000|
sseg<4>     |        13.900(R)|      SLOW  |         5.069(R)|      FAST  |clk_BUFGP         |   0.000|
sseg<5>     |        13.862(R)|      SLOW  |         5.255(R)|      FAST  |clk_BUFGP         |   0.000|
sseg<6>     |        13.521(R)|      SLOW  |         5.114(R)|      FAST  |clk_BUFGP         |   0.000|
------------+-----------------+------------+-----------------+------------+------------------+--------+

Clock to Setup on destination clock clk
---------------+---------+---------+---------+---------+
               | Src:Rise| Src:Fall| Src:Rise| Src:Fall|
Source Clock   |Dest:Rise|Dest:Rise|Dest:Fall|Dest:Fall|
---------------+---------+---------+---------+---------+
clk            |    2.648|         |         |         |
---------------+---------+---------+---------+---------+


Analysis completed Wed Sep 24 12:06:16 2014 
--------------------------------------------------------------------------------

Trace Settings:
-------------------------
Trace Settings 

Peak Memory Usage: 389 MB



