Release 14.7 - xst P.20131013 (lin64)
Copyright (c) 1995-2013 Xilinx, Inc.  All rights reserved.
--> 
Parameter TMPDIR set to xst/projnav.tmp


Total REAL time to Xst completion: 0.00 secs
Total CPU time to Xst completion: 0.03 secs
 
--> 
Parameter xsthdpdir set to xst


Total REAL time to Xst completion: 0.00 secs
Total CPU time to Xst completion: 0.03 secs
 
--> 
Reading design: main.prj

TABLE OF CONTENTS
  1) Synthesis Options Summary
  2) HDL Parsing
  3) HDL Elaboration
  4) HDL Synthesis
       4.1) HDL Synthesis Report
  5) Advanced HDL Synthesis
       5.1) Advanced HDL Synthesis Report
  6) Low Level Synthesis
  7) Partition Report
  8) Design Summary
       8.1) Primitive and Black Box Usage
       8.2) Device utilization summary
       8.3) Partition Resource Summary
       8.4) Timing Report
            8.4.1) Clock Information
            8.4.2) Asynchronous Control Signals Information
            8.4.3) Timing Summary
            8.4.4) Timing Details
            8.4.5) Cross Clock Domains Report


=========================================================================
*                      Synthesis Options Summary                        *
=========================================================================
---- Source Parameters
Input File Name                    : "main.prj"
Ignore Synthesis Constraint File   : NO

---- Target Parameters
Output File Name                   : "main"
Output Format                      : NGC
Target Device                      : xc6slx16-3-csg324

---- Source Options
Top Module Name                    : main
Automatic FSM Extraction           : YES
FSM Encoding Algorithm             : Auto
Safe Implementation                : No
FSM Style                          : LUT
RAM Extraction                     : Yes
RAM Style                          : Auto
ROM Extraction                     : Yes
Shift Register Extraction          : YES
ROM Style                          : Auto
Resource Sharing                   : YES
Asynchronous To Synchronous        : NO
Shift Register Minimum Size        : 2
Use DSP Block                      : Auto
Automatic Register Balancing       : No

---- Target Options
LUT Combining                      : Auto
Reduce Control Sets                : Auto
Add IO Buffers                     : YES
Global Maximum Fanout              : 100000
Add Generic Clock Buffer(BUFG)     : 16
Register Duplication               : YES
Optimize Instantiated Primitives   : NO
Use Clock Enable                   : Auto
Use Synchronous Set                : Auto
Use Synchronous Reset              : Auto
Pack IO Registers into IOBs        : Auto
Equivalent register Removal        : YES

---- General Options
Optimization Goal                  : Speed
Optimization Effort                : 1
Power Reduction                    : NO
Keep Hierarchy                     : No
Netlist Hierarchy                  : As_Optimized
RTL Output                         : Yes
Global Optimization                : AllClockNets
Read Cores                         : YES
Write Timing Constraints           : NO
Cross Clock Analysis               : NO
Hierarchy Separator                : /
Bus Delimiter                      : <>
Case Specifier                     : Maintain
Slice Utilization Ratio            : 100
BRAM Utilization Ratio             : 100
DSP48 Utilization Ratio            : 100
Auto BRAM Packing                  : NO
Slice Utilization Ratio Delta      : 5

=========================================================================


=========================================================================
*                          HDL Parsing                                  *
=========================================================================
Analyzing Verilog file "/home/rcampos/tmp/hex_to_sseg.v" into library work
Parsing module <hex_to_sseg>.
Analyzing Verilog file "/home/rcampos/tmp/disp_mux.v" into library work
Parsing module <disp_mux>.
Analyzing Verilog file "/home/rcampos/fpga/contador_bcd_3/contador_n.v" into library work
Parsing module <contador_n>.
Analyzing Verilog file "/home/rcampos/fpga/contador_bcd_3/contador_digito.v" into library work
Parsing module <contador_digito>.
Analyzing Verilog file "/home/rcampos/fpga/contador_bcd_3/main.v" into library work
Parsing module <main>.

=========================================================================
*                            HDL Elaboration                            *
=========================================================================
WARNING:HDLCompiler:1016 - "/home/rcampos/fpga/contador_bcd_3/main.v" Line 56: Port max_tick is not connected to this instance
WARNING:HDLCompiler:1016 - "/home/rcampos/fpga/contador_bcd_3/main.v" Line 62: Port max_tick is not connected to this instance
WARNING:HDLCompiler:1016 - "/home/rcampos/fpga/contador_bcd_3/main.v" Line 68: Port max_tick is not connected to this instance
WARNING:HDLCompiler:1016 - "/home/rcampos/fpga/contador_bcd_3/main.v" Line 74: Port max_tick is not connected to this instance
WARNING:HDLCompiler:1016 - "/home/rcampos/fpga/contador_bcd_3/main.v" Line 80: Port max_tick is not connected to this instance

Elaborating module <main>.

Elaborating module <contador_n(N=23)>.

Elaborating module <contador_digito(N=4)>.

Elaborating module <hex_to_sseg>.

Elaborating module <disp_mux>.

=========================================================================
*                           HDL Synthesis                               *
=========================================================================

Synthesizing Unit <main>.
    Related source file is "/home/rcampos/fpga/contador_bcd_3/main.v".
INFO:Xst:3210 - "/home/rcampos/fpga/contador_bcd_3/main.v" line 56: Output port <max_tick> of the instance <cseg> is unconnected or connected to loadless signal.
INFO:Xst:3210 - "/home/rcampos/fpga/contador_bcd_3/main.v" line 62: Output port <max_tick> of the instance <cseg1> is unconnected or connected to loadless signal.
INFO:Xst:3210 - "/home/rcampos/fpga/contador_bcd_3/main.v" line 68: Output port <max_tick> of the instance <cseg2> is unconnected or connected to loadless signal.
INFO:Xst:3210 - "/home/rcampos/fpga/contador_bcd_3/main.v" line 74: Output port <max_tick> of the instance <cseg3> is unconnected or connected to loadless signal.
INFO:Xst:3210 - "/home/rcampos/fpga/contador_bcd_3/main.v" line 80: Output port <max_tick> of the instance <cseg4> is unconnected or connected to loadless signal.
    Summary:
	no macro.
Unit <main> synthesized.

Synthesizing Unit <contador_n>.
    Related source file is "/home/rcampos/fpga/contador_bcd_3/contador_n.v".
        N = 23
    Found 23-bit register for signal <r_reg>.
    Found 23-bit adder for signal <sum_carry<22:0>> created at line 46.
    Summary:
	inferred   1 Adder/Subtractor(s).
	inferred  23 D-type flip-flop(s).
	inferred   1 Multiplexer(s).
Unit <contador_n> synthesized.

Synthesizing Unit <contador_digito>.
    Related source file is "/home/rcampos/fpga/contador_bcd_3/contador_digito.v".
        N = 4
    Found 4-bit register for signal <r_reg>.
    Found 4-bit adder for signal <r_reg[3]_GND_3_o_add_2_OUT> created at line 46.
    Summary:
	inferred   1 Adder/Subtractor(s).
	inferred   4 D-type flip-flop(s).
	inferred   1 Multiplexer(s).
Unit <contador_digito> synthesized.

Synthesizing Unit <hex_to_sseg>.
    Related source file is "/home/rcampos/tmp/hex_to_sseg.v".
    Found 16x7-bit Read Only RAM for signal <_n0026[0:6]>
    Summary:
	inferred   1 RAM(s).
Unit <hex_to_sseg> synthesized.

Synthesizing Unit <disp_mux>.
    Related source file is "/home/rcampos/tmp/disp_mux.v".
    Found 18-bit register for signal <q_reg>.
    Found 18-bit adder for signal <q_next> created at line 28.
    Found 4x4-bit Read Only RAM for signal <an>
    Found 8-bit 4-to-1 multiplexer for signal <sseg> created at line 33.
    Summary:
	inferred   1 RAM(s).
	inferred   1 Adder/Subtractor(s).
	inferred  18 D-type flip-flop(s).
	inferred   1 Multiplexer(s).
Unit <disp_mux> synthesized.

=========================================================================
HDL Synthesis Report

Macro Statistics
# RAMs                                                 : 5
 16x7-bit single-port Read Only RAM                    : 4
 4x4-bit single-port Read Only RAM                     : 1
# Adders/Subtractors                                   : 6
 18-bit adder                                          : 1
 23-bit adder                                          : 1
 4-bit adder                                           : 4
# Registers                                            : 6
 18-bit register                                       : 1
 23-bit register                                       : 1
 4-bit register                                        : 4
# Multiplexers                                         : 6
 23-bit 2-to-1 multiplexer                             : 1
 4-bit 2-to-1 multiplexer                              : 4
 8-bit 4-to-1 multiplexer                              : 1

=========================================================================

=========================================================================
*                       Advanced HDL Synthesis                          *
=========================================================================


Synthesizing (advanced) Unit <contador_digito>.
The following registers are absorbed into counter <r_reg>: 1 register on signal <r_reg>.
Unit <contador_digito> synthesized (advanced).

Synthesizing (advanced) Unit <contador_n>.
The following registers are absorbed into counter <r_reg>: 1 register on signal <r_reg>.
Unit <contador_n> synthesized (advanced).

Synthesizing (advanced) Unit <disp_mux>.
The following registers are absorbed into counter <q_reg>: 1 register on signal <q_reg>.
INFO:Xst:3218 - HDL ADVISOR - The RAM <Mram_an> will be implemented on LUTs either because you have described an asynchronous read or because of currently unsupported block RAM features. If you have described an asynchronous read, making it synchronous would allow you to take advantage of available block RAM resources, for optimized device usage and improved timings. Please refer to your documentation for coding guidelines.
    -----------------------------------------------------------------------
    | ram_type           | Distributed                         |          |
    -----------------------------------------------------------------------
    | Port A                                                              |
    |     aspect ratio   | 4-word x 4-bit                      |          |
    |     weA            | connected to signal <GND>           | high     |
    |     addrA          | connected to signal <q_reg>         |          |
    |     diA            | connected to signal <GND>           |          |
    |     doA            | connected to signal <an>            |          |
    -----------------------------------------------------------------------
Unit <disp_mux> synthesized (advanced).

Synthesizing (advanced) Unit <hex_to_sseg>.
INFO:Xst:3218 - HDL ADVISOR - The RAM <Mram__n0026[0:6]> will be implemented on LUTs either because you have described an asynchronous read or because of currently unsupported block RAM features. If you have described an asynchronous read, making it synchronous would allow you to take advantage of available block RAM resources, for optimized device usage and improved timings. Please refer to your documentation for coding guidelines.
    -----------------------------------------------------------------------
    | ram_type           | Distributed                         |          |
    -----------------------------------------------------------------------
    | Port A                                                              |
    |     aspect ratio   | 16-word x 7-bit                     |          |
    |     weA            | connected to signal <GND>           | high     |
    |     addrA          | connected to signal <hex>           |          |
    |     diA            | connected to signal <GND>           |          |
    |     doA            | connected to internal node          |          |
    -----------------------------------------------------------------------
Unit <hex_to_sseg> synthesized (advanced).

=========================================================================
Advanced HDL Synthesis Report

Macro Statistics
# RAMs                                                 : 5
 16x7-bit single-port distributed Read Only RAM        : 4
 4x4-bit single-port distributed Read Only RAM         : 1
# Counters                                             : 6
 18-bit up counter                                     : 1
 23-bit up counter                                     : 1
 4-bit up counter                                      : 4
# Multiplexers                                         : 1
 8-bit 4-to-1 multiplexer                              : 1

=========================================================================

=========================================================================
*                         Low Level Synthesis                           *
=========================================================================

Optimizing unit <main> ...

Mapping all equations...
Building and optimizing final netlist ...
Found area constraint ratio of 100 (+ 5) on block main, actual ratio is 1.

Final Macro Processing ...

=========================================================================
Final Register Report

Macro Statistics
# Registers                                            : 57
 Flip-Flops                                            : 57

=========================================================================

=========================================================================
*                           Partition Report                            *
=========================================================================

Partition Implementation Status
-------------------------------

  No Partitions were found in this design.

-------------------------------

=========================================================================
*                            Design Summary                             *
=========================================================================

Top Level Output File Name         : main.ngc

Primitive and Black Box Usage:
------------------------------
# BELS                             : 220
#      GND                         : 1
#      INV                         : 2
#      LUT1                        : 39
#      LUT2                        : 5
#      LUT3                        : 6
#      LUT4                        : 25
#      LUT5                        : 33
#      LUT6                        : 25
#      MUXCY                       : 39
#      MUXF7                       : 3
#      VCC                         : 1
#      XORCY                       : 41
# FlipFlops/Latches                : 57
#      FD                          : 18
#      FDC                         : 27
#      FDCE                        : 12
# Clock Buffers                    : 1
#      BUFGP                       : 1
# IO Buffers                       : 18
#      IBUF                        : 1
#      OBUF                        : 17

Device utilization summary:
---------------------------

Selected Device : 6slx16csg324-3 


Slice Logic Utilization: 
 Number of Slice Registers:              57  out of  18224     0%  
 Number of Slice LUTs:                  135  out of   9112     1%  
    Number used as Logic:               135  out of   9112     1%  

Slice Logic Distribution: 
 Number of LUT Flip Flop pairs used:    135
   Number with an unused Flip Flop:      78  out of    135    57%  
   Number with an unused LUT:             0  out of    135     0%  
   Number of fully used LUT-FF pairs:    57  out of    135    42%  
   Number of unique control sets:         5

IO Utilization: 
 Number of IOs:                          19
 Number of bonded IOBs:                  19  out of    232     8%  

Specific Feature Utilization:
 Number of BUFG/BUFGCTRLs:                1  out of     16     6%  

---------------------------
Partition Resource Summary:
---------------------------

  No Partitions were found in this design.

---------------------------


=========================================================================
Timing Report

NOTE: THESE TIMING NUMBERS ARE ONLY A SYNTHESIS ESTIMATE.
      FOR ACCURATE TIMING INFORMATION PLEASE REFER TO THE TRACE REPORT
      GENERATED AFTER PLACE-and-ROUTE.

Clock Information:
------------------
-----------------------------------+------------------------+-------+
Clock Signal                       | Clock buffer(FF name)  | Load  |
-----------------------------------+------------------------+-------+
clk                                | BUFGP                  | 57    |
-----------------------------------+------------------------+-------+

Asynchronous Control Signals Information:
----------------------------------------
No asynchronous control signals found in this design

Timing Summary:
---------------
Speed Grade: -3

   Minimum period: 3.763ns (Maximum Frequency: 265.770MHz)
   Minimum input arrival time before clock: 3.043ns
   Maximum output required time after clock: 7.212ns
   Maximum combinational path delay: No path found

Timing Details:
---------------
All values displayed in nanoseconds (ns)

=========================================================================
Timing constraint: Default period analysis for Clock 'clk'
  Clock period: 3.763ns (frequency: 265.770MHz)
  Total number of paths / destination ports: 1240 / 69
-------------------------------------------------------------------------
Delay:               3.763ns (Levels of Logic = 3)
  Source:            cseg/r_reg_16 (FF)
  Destination:       cseg1/r_reg_0 (FF)
  Source Clock:      clk rising
  Destination Clock: clk rising

  Data Path: cseg/r_reg_16 to cseg1/r_reg_0
                                Gate     Net
    Cell:in->out      fanout   Delay   Delay  Logical Name (Net Name)
    ----------------------------------------  ------------
     FDC:C->Q              3   0.447   0.995  cseg/r_reg_16 (cseg/r_reg_16)
     LUT5:I0->O            1   0.203   0.924  soft_reset_cseg<22>4_1 (soft_reset_cseg<22>4)
     LUT6:I1->O            4   0.203   0.684  cseg1/_n0020_inv1 (cseg1/_n0020_inv)
     LUT5:I4->O            1   0.205   0.000  cseg1/r_reg_1_rstpot (cseg1/r_reg_1_rstpot)
     FDC:D                     0.102          cseg1/r_reg_1
    ----------------------------------------
    Total                      3.763ns (1.160ns logic, 2.603ns route)
                                       (30.8% logic, 69.2% route)

=========================================================================
Timing constraint: Default OFFSET IN BEFORE for Clock 'clk'
  Total number of paths / destination ports: 39 / 39
-------------------------------------------------------------------------
Offset:              3.043ns (Levels of Logic = 1)
  Source:            btn (PAD)
  Destination:       cseg3/r_reg_0 (FF)
  Destination Clock: clk rising

  Data Path: btn to cseg3/r_reg_0
                                Gate     Net
    Cell:in->out      fanout   Delay   Delay  Logical Name (Net Name)
    ----------------------------------------  ------------
     IBUF:I->O            39   1.222   1.391  btn_IBUF (btn_IBUF)
     FDCE:CLR                  0.430          cseg3/r_reg_0
    ----------------------------------------
    Total                      3.043ns (1.652ns logic, 1.391ns route)
                                       (54.3% logic, 45.7% route)

=========================================================================
Timing constraint: Default OFFSET OUT AFTER for Clock 'clk'
  Total number of paths / destination ports: 180 / 15
-------------------------------------------------------------------------
Offset:              7.212ns (Levels of Logic = 4)
  Source:            cseg1/r_reg_2 (FF)
  Destination:       seg<0> (PAD)
  Source Clock:      clk rising

  Data Path: cseg1/r_reg_2 to seg<0>
                                Gate     Net
    Cell:in->out      fanout   Delay   Delay  Logical Name (Net Name)
    ----------------------------------------  ------------
     FDC:C->Q             16   0.447   1.233  cseg1/r_reg_2 (cseg1/r_reg_2)
     LUT4:I1->O            1   0.205   0.924  disp_m/Mmux_sseg621 (disp_m/Mmux_sseg621)
     LUT6:I1->O            2   0.203   0.845  disp_m/Mmux_sseg622 (disp_m/Mmux_sseg622)
     LUT6:I3->O            1   0.205   0.579  disp_m/Mmux_sseg15 (seg_0_OBUF)
     OBUF:I->O                 2.571          seg_0_OBUF (seg<0>)
    ----------------------------------------
    Total                      7.212ns (3.631ns logic, 3.581ns route)
                                       (50.3% logic, 49.7% route)

=========================================================================

Cross Clock Domains Report:
--------------------------

Clock to Setup on destination clock clk
---------------+---------+---------+---------+---------+
               | Src:Rise| Src:Fall| Src:Rise| Src:Fall|
Source Clock   |Dest:Rise|Dest:Rise|Dest:Fall|Dest:Fall|
---------------+---------+---------+---------+---------+
clk            |    3.763|         |         |         |
---------------+---------+---------+---------+---------+

=========================================================================


Total REAL time to Xst completion: 6.00 secs
Total CPU time to Xst completion: 4.47 secs
 
--> 


Total memory usage is 390132 kilobytes

Number of errors   :    0 (   0 filtered)
Number of warnings :    5 (   0 filtered)
Number of infos    :    7 (   0 filtered)

