Release 14.7 - xst P.20131013 (lin64)
Copyright (c) 1995-2013 Xilinx, Inc.  All rights reserved.
--> 
Parameter TMPDIR set to xst/projnav.tmp


Total REAL time to Xst completion: 0.00 secs
Total CPU time to Xst completion: 0.05 secs
 
--> 
Parameter xsthdpdir set to xst


Total REAL time to Xst completion: 0.00 secs
Total CPU time to Xst completion: 0.05 secs
 
--> 
Reading design: main.prj

TABLE OF CONTENTS
  1) Synthesis Options Summary
  2) HDL Parsing
  3) HDL Elaboration
  4) HDL Synthesis
       4.1) HDL Synthesis Report
  5) Advanced HDL Synthesis
       5.1) Advanced HDL Synthesis Report
  6) Low Level Synthesis
  7) Partition Report
  8) Design Summary
       8.1) Primitive and Black Box Usage
       8.2) Device utilization summary
       8.3) Partition Resource Summary
       8.4) Timing Report
            8.4.1) Clock Information
            8.4.2) Asynchronous Control Signals Information
            8.4.3) Timing Summary
            8.4.4) Timing Details
            8.4.5) Cross Clock Domains Report


=========================================================================
*                      Synthesis Options Summary                        *
=========================================================================
---- Source Parameters
Input File Name                    : "main.prj"
Ignore Synthesis Constraint File   : NO

---- Target Parameters
Output File Name                   : "main"
Output Format                      : NGC
Target Device                      : xc6slx16-3-csg324

---- Source Options
Top Module Name                    : main
Automatic FSM Extraction           : YES
FSM Encoding Algorithm             : Auto
Safe Implementation                : No
FSM Style                          : LUT
RAM Extraction                     : Yes
RAM Style                          : Auto
ROM Extraction                     : Yes
Shift Register Extraction          : YES
ROM Style                          : Auto
Resource Sharing                   : YES
Asynchronous To Synchronous        : NO
Shift Register Minimum Size        : 2
Use DSP Block                      : Auto
Automatic Register Balancing       : No

---- Target Options
LUT Combining                      : Auto
Reduce Control Sets                : Auto
Add IO Buffers                     : YES
Global Maximum Fanout              : 100000
Add Generic Clock Buffer(BUFG)     : 16
Register Duplication               : YES
Optimize Instantiated Primitives   : NO
Use Clock Enable                   : Auto
Use Synchronous Set                : Auto
Use Synchronous Reset              : Auto
Pack IO Registers into IOBs        : Auto
Equivalent register Removal        : YES

---- General Options
Optimization Goal                  : Speed
Optimization Effort                : 1
Power Reduction                    : NO
Keep Hierarchy                     : No
Netlist Hierarchy                  : As_Optimized
RTL Output                         : Yes
Global Optimization                : AllClockNets
Read Cores                         : YES
Write Timing Constraints           : NO
Cross Clock Analysis               : NO
Hierarchy Separator                : /
Bus Delimiter                      : <>
Case Specifier                     : Maintain
Slice Utilization Ratio            : 100
BRAM Utilization Ratio             : 100
DSP48 Utilization Ratio            : 100
Auto BRAM Packing                  : NO
Slice Utilization Ratio Delta      : 5

=========================================================================


=========================================================================
*                          HDL Parsing                                  *
=========================================================================
Analyzing Verilog file "/home/rcampos/tmp/hex_to_sseg.v" into library work
Parsing module <hex_to_sseg>.
Analyzing Verilog file "/home/rcampos/tmp/disp_mux.v" into library work
Parsing module <disp_mux>.
Analyzing Verilog file "/home/rcampos/fpga/garage_auto/fsm_auto_in.v" into library work
Parsing module <fsm_auto_in>.
Analyzing Verilog file "/home/rcampos/fpga/garage_auto/edge_detect.v" into library work
Parsing module <edge_detect>.
Analyzing Verilog file "/home/rcampos/fpga/garage_auto/contador_digito.v" into library work
Parsing module <contador_digito>.
Analyzing Verilog file "/home/rcampos/fpga/garage_auto/main.v" into library work
Parsing module <main>.

=========================================================================
*                            HDL Elaboration                            *
=========================================================================
WARNING:HDLCompiler:1016 - "/home/rcampos/fpga/garage_auto/main.v" Line 45: Port max_tick is not connected to this instance

Elaborating module <main>.

Elaborating module <fsm_auto_in>.

Elaborating module <edge_detect>.

Elaborating module <contador_digito(N=4)>.

Elaborating module <hex_to_sseg>.

Elaborating module <disp_mux>.

=========================================================================
*                           HDL Synthesis                               *
=========================================================================

Synthesizing Unit <main>.
    Related source file is "/home/rcampos/fpga/garage_auto/main.v".
INFO:Xst:3210 - "/home/rcampos/fpga/garage_auto/main.v" line 45: Output port <max_tick> of the instance <counter> is unconnected or connected to loadless signal.
    Summary:
	no macro.
Unit <main> synthesized.

Synthesizing Unit <fsm_auto_in>.
    Related source file is "/home/rcampos/fpga/garage_auto/fsm_auto_in.v".
    Found 3-bit register for signal <state_reg>.
    Found finite state machine <FSM_0> for signal <state_reg>.
    -----------------------------------------------------------------------
    | States             | 4                                              |
    | Transitions        | 12                                             |
    | Inputs             | 3                                              |
    | Outputs            | 5                                              |
    | Clock              | clk (rising_edge)                              |
    | Reset              | reset (positive)                               |
    | Reset type         | asynchronous                                   |
    | Reset State        | 000                                            |
    | Encoding           | auto                                           |
    | Implementation     | LUT                                            |
    -----------------------------------------------------------------------
    Summary:
	inferred   1 Finite State Machine(s).
Unit <fsm_auto_in> synthesized.

Synthesizing Unit <edge_detect>.
    Related source file is "/home/rcampos/fpga/garage_auto/edge_detect.v".
    Found 2-bit register for signal <state_reg>.
    Found finite state machine <FSM_1> for signal <state_reg>.
    -----------------------------------------------------------------------
    | States             | 3                                              |
    | Transitions        | 6                                              |
    | Inputs             | 1                                              |
    | Outputs            | 1                                              |
    | Clock              | clk (rising_edge)                              |
    | Reset              | reset (positive)                               |
    | Reset type         | asynchronous                                   |
    | Reset State        | 00                                             |
    | Encoding           | auto                                           |
    | Implementation     | LUT                                            |
    -----------------------------------------------------------------------
    Summary:
	inferred   1 Finite State Machine(s).
Unit <edge_detect> synthesized.

Synthesizing Unit <contador_digito>.
    Related source file is "/home/rcampos/fpga/garage_auto/contador_digito.v".
        N = 4
    Found 4-bit register for signal <r_reg>.
    Found 4-bit adder for signal <r_reg[3]_GND_4_o_add_2_OUT> created at line 46.
    Summary:
	inferred   1 Adder/Subtractor(s).
	inferred   4 D-type flip-flop(s).
Unit <contador_digito> synthesized.

Synthesizing Unit <hex_to_sseg>.
    Related source file is "/home/rcampos/tmp/hex_to_sseg.v".
    Found 16x7-bit Read Only RAM for signal <_n0026[0:6]>
    Summary:
	inferred   1 RAM(s).
Unit <hex_to_sseg> synthesized.

Synthesizing Unit <disp_mux>.
    Related source file is "/home/rcampos/tmp/disp_mux.v".
    Found 18-bit register for signal <q_reg>.
    Found 18-bit adder for signal <q_next> created at line 28.
    Found 4x4-bit Read Only RAM for signal <an>
    Summary:
	inferred   1 RAM(s).
	inferred   1 Adder/Subtractor(s).
	inferred  18 D-type flip-flop(s).
	inferred   1 Multiplexer(s).
Unit <disp_mux> synthesized.

=========================================================================
HDL Synthesis Report

Macro Statistics
# RAMs                                                 : 2
 16x7-bit single-port Read Only RAM                    : 1
 4x4-bit single-port Read Only RAM                     : 1
# Adders/Subtractors                                   : 2
 18-bit adder                                          : 1
 4-bit adder                                           : 1
# Registers                                            : 2
 18-bit register                                       : 1
 4-bit register                                        : 1
# Multiplexers                                         : 1
 8-bit 2-to-1 multiplexer                              : 1
# FSMs                                                 : 2

=========================================================================

=========================================================================
*                       Advanced HDL Synthesis                          *
=========================================================================


Synthesizing (advanced) Unit <contador_digito>.
The following registers are absorbed into counter <r_reg>: 1 register on signal <r_reg>.
Unit <contador_digito> synthesized (advanced).

Synthesizing (advanced) Unit <disp_mux>.
The following registers are absorbed into counter <q_reg>: 1 register on signal <q_reg>.
INFO:Xst:3218 - HDL ADVISOR - The RAM <Mram_an> will be implemented on LUTs either because you have described an asynchronous read or because of currently unsupported block RAM features. If you have described an asynchronous read, making it synchronous would allow you to take advantage of available block RAM resources, for optimized device usage and improved timings. Please refer to your documentation for coding guidelines.
    -----------------------------------------------------------------------
    | ram_type           | Distributed                         |          |
    -----------------------------------------------------------------------
    | Port A                                                              |
    |     aspect ratio   | 4-word x 4-bit                      |          |
    |     weA            | connected to signal <GND>           | high     |
    |     addrA          | connected to signal <q_reg>         |          |
    |     diA            | connected to signal <GND>           |          |
    |     doA            | connected to signal <an>            |          |
    -----------------------------------------------------------------------
Unit <disp_mux> synthesized (advanced).

Synthesizing (advanced) Unit <hex_to_sseg>.
INFO:Xst:3218 - HDL ADVISOR - The RAM <Mram__n0026[0:6]> will be implemented on LUTs either because you have described an asynchronous read or because of currently unsupported block RAM features. If you have described an asynchronous read, making it synchronous would allow you to take advantage of available block RAM resources, for optimized device usage and improved timings. Please refer to your documentation for coding guidelines.
    -----------------------------------------------------------------------
    | ram_type           | Distributed                         |          |
    -----------------------------------------------------------------------
    | Port A                                                              |
    |     aspect ratio   | 16-word x 7-bit                     |          |
    |     weA            | connected to signal <GND>           | high     |
    |     addrA          | connected to signal <hex>           |          |
    |     diA            | connected to signal <GND>           |          |
    |     doA            | connected to internal node          |          |
    -----------------------------------------------------------------------
Unit <hex_to_sseg> synthesized (advanced).

=========================================================================
Advanced HDL Synthesis Report

Macro Statistics
# RAMs                                                 : 2
 16x7-bit single-port distributed Read Only RAM        : 1
 4x4-bit single-port distributed Read Only RAM         : 1
# Counters                                             : 2
 18-bit up counter                                     : 1
 4-bit up counter                                      : 1
# Multiplexers                                         : 1
 8-bit 2-to-1 multiplexer                              : 1
# FSMs                                                 : 2

=========================================================================

=========================================================================
*                         Low Level Synthesis                           *
=========================================================================
Analyzing FSM <MFsm> for best encoding.
Optimizing FSM <FSM_0> on signal <state_reg[1:2]> with sequential encoding.
-------------------
 State | Encoding
-------------------
 000   | 00
 010   | 01
 101   | 10
 111   | 11
-------------------
Analyzing FSM <MFsm> for best encoding.
Optimizing FSM <FSM_1> on signal <state_reg[1:3]> with one-hot encoding.
-------------------
 State | Encoding
-------------------
 00    | 001
 01    | 010
 10    | 100
-------------------

Optimizing unit <main> ...

Mapping all equations...
Building and optimizing final netlist ...
Found area constraint ratio of 100 (+ 5) on block main, actual ratio is 0.

Final Macro Processing ...

=========================================================================
Final Register Report

Macro Statistics
# Registers                                            : 26
 Flip-Flops                                            : 26

=========================================================================

=========================================================================
*                           Partition Report                            *
=========================================================================

Partition Implementation Status
-------------------------------

  No Partitions were found in this design.

-------------------------------

=========================================================================
*                            Design Summary                             *
=========================================================================

Top Level Output File Name         : main.ngc

Primitive and Black Box Usage:
------------------------------
# BELS                             : 74
#      GND                         : 1
#      INV                         : 3
#      LUT1                        : 17
#      LUT2                        : 7
#      LUT3                        : 1
#      LUT4                        : 2
#      LUT6                        : 7
#      MUXCY                       : 17
#      VCC                         : 1
#      XORCY                       : 18
# FlipFlops/Latches                : 26
#      FD                          : 18
#      FDC                         : 3
#      FDCE                        : 4
#      FDP                         : 1
# Clock Buffers                    : 1
#      BUFGP                       : 1
# IO Buffers                       : 18
#      IBUF                        : 3
#      OBUF                        : 15

Device utilization summary:
---------------------------

Selected Device : 6slx16csg324-3 


Slice Logic Utilization: 
 Number of Slice Registers:              26  out of  18224     0%  
 Number of Slice LUTs:                   37  out of   9112     0%  
    Number used as Logic:                37  out of   9112     0%  

Slice Logic Distribution: 
 Number of LUT Flip Flop pairs used:     37
   Number with an unused Flip Flop:      11  out of     37    29%  
   Number with an unused LUT:             0  out of     37     0%  
   Number of fully used LUT-FF pairs:    26  out of     37    70%  
   Number of unique control sets:         3

IO Utilization: 
 Number of IOs:                          20
 Number of bonded IOBs:                  19  out of    232     8%  

Specific Feature Utilization:
 Number of BUFG/BUFGCTRLs:                1  out of     16     6%  

---------------------------
Partition Resource Summary:
---------------------------

  No Partitions were found in this design.

---------------------------


=========================================================================
Timing Report

NOTE: THESE TIMING NUMBERS ARE ONLY A SYNTHESIS ESTIMATE.
      FOR ACCURATE TIMING INFORMATION PLEASE REFER TO THE TRACE REPORT
      GENERATED AFTER PLACE-and-ROUTE.

Clock Information:
------------------
-----------------------------------+------------------------+-------+
Clock Signal                       | Clock buffer(FF name)  | Load  |
-----------------------------------+------------------------+-------+
clk                                | BUFGP                  | 26    |
-----------------------------------+------------------------+-------+

Asynchronous Control Signals Information:
----------------------------------------
No asynchronous control signals found in this design

Timing Summary:
---------------
Speed Grade: -3

   Minimum period: 2.216ns (Maximum Frequency: 451.233MHz)
   Minimum input arrival time before clock: 2.454ns
   Maximum output required time after clock: 5.073ns
   Maximum combinational path delay: 4.443ns

Timing Details:
---------------
All values displayed in nanoseconds (ns)

=========================================================================
Timing constraint: Default period analysis for Clock 'clk'
  Clock period: 2.216ns (frequency: 451.233MHz)
  Total number of paths / destination ports: 190 / 29
-------------------------------------------------------------------------
Delay:               2.216ns (Levels of Logic = 1)
  Source:            counter/r_reg_0 (FF)
  Destination:       counter/r_reg_0 (FF)
  Source Clock:      clk rising
  Destination Clock: clk rising

  Data Path: counter/r_reg_0 to counter/r_reg_0
                                Gate     Net
    Cell:in->out      fanout   Delay   Delay  Logical Name (Net Name)
    ----------------------------------------  ------------
     FDCE:C->Q            11   0.447   0.882  counter/r_reg_0 (counter/r_reg_0)
     INV:I->O              1   0.206   0.579  counter/Mcount_r_reg_xor<0>11_INV_0 (Result<0>1)
     FDCE:D                    0.102          counter/r_reg_0
    ----------------------------------------
    Total                      2.216ns (0.755ns logic, 1.461ns route)
                                       (34.1% logic, 65.9% route)

=========================================================================
Timing constraint: Default OFFSET IN BEFORE for Clock 'clk'
  Total number of paths / destination ports: 12 / 10
-------------------------------------------------------------------------
Offset:              2.454ns (Levels of Logic = 1)
  Source:            btn (PAD)
  Destination:       a/state_reg_FSM_FFd1 (FF)
  Destination Clock: clk rising

  Data Path: btn to a/state_reg_FSM_FFd1
                                Gate     Net
    Cell:in->out      fanout   Delay   Delay  Logical Name (Net Name)
    ----------------------------------------  ------------
     IBUF:I->O             8   1.222   0.802  btn_IBUF (btn_IBUF)
     FDC:CLR                   0.430          a/state_reg_FSM_FFd1
    ----------------------------------------
    Total                      2.454ns (1.652ns logic, 0.802ns route)
                                       (67.3% logic, 32.7% route)

=========================================================================
Timing constraint: Default OFFSET OUT AFTER for Clock 'clk'
  Total number of paths / destination ports: 53 / 13
-------------------------------------------------------------------------
Offset:              5.073ns (Levels of Logic = 2)
  Source:            disp_m/q_reg_16 (FF)
  Destination:       sseg<2> (PAD)
  Source Clock:      clk rising

  Data Path: disp_m/q_reg_16 to sseg<2>
                                Gate     Net
    Cell:in->out      fanout   Delay   Delay  Logical Name (Net Name)
    ----------------------------------------  ------------
     FD:C->Q              12   0.447   1.273  disp_m/q_reg_16 (disp_m/q_reg_16)
     LUT6:I0->O            1   0.203   0.579  disp_m/Mmux_sseg31 (sseg_2_OBUF)
     OBUF:I->O                 2.571          sseg_2_OBUF (sseg<2>)
    ----------------------------------------
    Total                      5.073ns (3.221ns logic, 1.852ns route)
                                       (63.5% logic, 36.5% route)

=========================================================================
Timing constraint: Default path analysis
  Total number of paths / destination ports: 2 / 2
-------------------------------------------------------------------------
Delay:               4.443ns (Levels of Logic = 2)
  Source:            sw<0> (PAD)
  Destination:       led_a (PAD)

  Data Path: sw<0> to led_a
                                Gate     Net
    Cell:in->out      fanout   Delay   Delay  Logical Name (Net Name)
    ----------------------------------------  ------------
     IBUF:I->O             3   1.222   0.650  sw_0_IBUF (led_a_OBUF)
     OBUF:I->O                 2.571          led_a_OBUF (led_a)
    ----------------------------------------
    Total                      4.443ns (3.793ns logic, 0.650ns route)
                                       (85.4% logic, 14.6% route)

=========================================================================

Cross Clock Domains Report:
--------------------------

Clock to Setup on destination clock clk
---------------+---------+---------+---------+---------+
               | Src:Rise| Src:Fall| Src:Rise| Src:Fall|
Source Clock   |Dest:Rise|Dest:Rise|Dest:Fall|Dest:Fall|
---------------+---------+---------+---------+---------+
clk            |    2.216|         |         |         |
---------------+---------+---------+---------+---------+

=========================================================================


Total REAL time to Xst completion: 5.00 secs
Total CPU time to Xst completion: 4.20 secs
 
--> 


Total memory usage is 389232 kilobytes

Number of errors   :    0 (   0 filtered)
Number of warnings :    1 (   0 filtered)
Number of infos    :    3 (   0 filtered)

