Release 14.7 - xst P.20131013 (lin64)
Copyright (c) 1995-2013 Xilinx, Inc.  All rights reserved.
--> 
Parameter TMPDIR set to xst/projnav.tmp


Total REAL time to Xst completion: 0.00 secs
Total CPU time to Xst completion: 0.05 secs
 
--> 
Parameter xsthdpdir set to xst


Total REAL time to Xst completion: 0.00 secs
Total CPU time to Xst completion: 0.05 secs
 
--> 
Reading design: sum_main.prj

TABLE OF CONTENTS
  1) Synthesis Options Summary
  2) HDL Parsing
  3) HDL Elaboration
  4) HDL Synthesis
       4.1) HDL Synthesis Report
  5) Advanced HDL Synthesis
       5.1) Advanced HDL Synthesis Report
  6) Low Level Synthesis
  7) Partition Report
  8) Design Summary
       8.1) Primitive and Black Box Usage
       8.2) Device utilization summary
       8.3) Partition Resource Summary
       8.4) Timing Report
            8.4.1) Clock Information
            8.4.2) Asynchronous Control Signals Information
            8.4.3) Timing Summary
            8.4.4) Timing Details
            8.4.5) Cross Clock Domains Report


=========================================================================
*                      Synthesis Options Summary                        *
=========================================================================
---- Source Parameters
Input File Name                    : "sum_main.prj"
Ignore Synthesis Constraint File   : NO

---- Target Parameters
Output File Name                   : "sum_main"
Output Format                      : NGC
Target Device                      : xc6slx16-3-csg324

---- Source Options
Top Module Name                    : sum_main
Automatic FSM Extraction           : YES
FSM Encoding Algorithm             : Auto
Safe Implementation                : No
FSM Style                          : LUT
RAM Extraction                     : Yes
RAM Style                          : Auto
ROM Extraction                     : Yes
Shift Register Extraction          : YES
ROM Style                          : Auto
Resource Sharing                   : YES
Asynchronous To Synchronous        : NO
Shift Register Minimum Size        : 2
Use DSP Block                      : Auto
Automatic Register Balancing       : No

---- Target Options
LUT Combining                      : Auto
Reduce Control Sets                : Auto
Add IO Buffers                     : YES
Global Maximum Fanout              : 100000
Add Generic Clock Buffer(BUFG)     : 16
Register Duplication               : YES
Optimize Instantiated Primitives   : NO
Use Clock Enable                   : Auto
Use Synchronous Set                : Auto
Use Synchronous Reset              : Auto
Pack IO Registers into IOBs        : Auto
Equivalent register Removal        : YES

---- General Options
Optimization Goal                  : Speed
Optimization Effort                : 1
Power Reduction                    : NO
Keep Hierarchy                     : No
Netlist Hierarchy                  : As_Optimized
RTL Output                         : Yes
Global Optimization                : AllClockNets
Read Cores                         : YES
Write Timing Constraints           : NO
Cross Clock Analysis               : NO
Hierarchy Separator                : /
Bus Delimiter                      : <>
Case Specifier                     : Maintain
Slice Utilization Ratio            : 100
BRAM Utilization Ratio             : 100
DSP48 Utilization Ratio            : 100
Auto BRAM Packing                  : NO
Slice Utilization Ratio Delta      : 5

=========================================================================


=========================================================================
*                          HDL Parsing                                  *
=========================================================================
Analyzing Verilog file "/home/rcampos/tmp/hex_to_sseg.v" into library work
Parsing module <hex_to_sseg>.
Analyzing Verilog file "/home/rcampos/tmp/disp_mux.v" into library work
Parsing module <disp_mux>.
Analyzing Verilog file "/home/rcampos/fpga/sumador_combinacional/sign_mag_add.v" into library work
Parsing module <sign_mag_add>.
Analyzing Verilog file "/home/rcampos/fpga/sumador_combinacional/sum_main.v" into library work
Parsing module <sum_main>.

=========================================================================
*                            HDL Elaboration                            *
=========================================================================

Elaborating module <sum_main>.

Elaborating module <sign_mag_add>.

Elaborating module <hex_to_sseg>.

Elaborating module <disp_mux>.
WARNING:HDLCompiler:413 - "/home/rcampos/tmp/disp_mux.v" Line 27: Result of 19-bit expression is truncated to fit in 18-bit target.

=========================================================================
*                           HDL Synthesis                               *
=========================================================================

Synthesizing Unit <sum_main>.
    Related source file is "/home/rcampos/fpga/sumador_combinacional/sum_main.v".
    Summary:
	no macro.
Unit <sum_main> synthesized.

Synthesizing Unit <sign_mag_add>.
    Related source file is "/home/rcampos/fpga/sumador_combinacional/sign_mag_add.v".
    Found 3-bit adder for signal <a[2]_b[2]_add_12_OUT> created at line 65.
    Found 3-bit subtractor for signal <GND_2_o_GND_2_o_sub_10_OUT<2:0>> created at line 53.
    Found 3-bit subtractor for signal <GND_2_o_GND_2_o_sub_11_OUT<2:0>> created at line 58.
    Found 3-bit comparator greater for signal <a[2]_b[2]_LessThan_3_o> created at line 37
    Found 3-bit comparator lessequal for signal <n0008> created at line 51
    Summary:
	inferred   3 Adder/Subtractor(s).
	inferred   2 Comparator(s).
	inferred   4 Multiplexer(s).
Unit <sign_mag_add> synthesized.

Synthesizing Unit <hex_to_sseg>.
    Related source file is "/home/rcampos/tmp/hex_to_sseg.v".
    Found 16x7-bit Read Only RAM for signal <_n0026[0:6]>
    Summary:
	inferred   1 RAM(s).
Unit <hex_to_sseg> synthesized.

Synthesizing Unit <disp_mux>.
    Related source file is "/home/rcampos/tmp/disp_mux.v".
    Found 18-bit register for signal <q_reg>.
    Found 18-bit adder for signal <q_next> created at line 27.
    Found 4x4-bit Read Only RAM for signal <an>
    Found 8-bit 3-to-1 multiplexer for signal <sseg> created at line 32.
    Summary:
	inferred   1 RAM(s).
	inferred   1 Adder/Subtractor(s).
	inferred  18 D-type flip-flop(s).
	inferred   1 Multiplexer(s).
Unit <disp_mux> synthesized.

=========================================================================
HDL Synthesis Report

Macro Statistics
# RAMs                                                 : 2
 16x7-bit single-port Read Only RAM                    : 1
 4x4-bit single-port Read Only RAM                     : 1
# Adders/Subtractors                                   : 4
 18-bit adder                                          : 1
 3-bit adder                                           : 1
 3-bit subtractor                                      : 2
# Registers                                            : 1
 18-bit register                                       : 1
# Comparators                                          : 2
 3-bit comparator greater                              : 1
 3-bit comparator lessequal                            : 1
# Multiplexers                                         : 5
 4-bit 2-to-1 multiplexer                              : 4
 8-bit 3-to-1 multiplexer                              : 1

=========================================================================

=========================================================================
*                       Advanced HDL Synthesis                          *
=========================================================================


Synthesizing (advanced) Unit <disp_mux>.
The following registers are absorbed into counter <q_reg>: 1 register on signal <q_reg>.
INFO:Xst:3218 - HDL ADVISOR - The RAM <Mram_an> will be implemented on LUTs either because you have described an asynchronous read or because of currently unsupported block RAM features. If you have described an asynchronous read, making it synchronous would allow you to take advantage of available block RAM resources, for optimized device usage and improved timings. Please refer to your documentation for coding guidelines.
    -----------------------------------------------------------------------
    | ram_type           | Distributed                         |          |
    -----------------------------------------------------------------------
    | Port A                                                              |
    |     aspect ratio   | 4-word x 4-bit                      |          |
    |     weA            | connected to signal <GND>           | high     |
    |     addrA          | connected to signal <q_reg>         |          |
    |     diA            | connected to signal <GND>           |          |
    |     doA            | connected to signal <an>            |          |
    -----------------------------------------------------------------------
Unit <disp_mux> synthesized (advanced).

Synthesizing (advanced) Unit <hex_to_sseg>.
INFO:Xst:3218 - HDL ADVISOR - The RAM <Mram__n0026[0:6]> will be implemented on LUTs either because you have described an asynchronous read or because of currently unsupported block RAM features. If you have described an asynchronous read, making it synchronous would allow you to take advantage of available block RAM resources, for optimized device usage and improved timings. Please refer to your documentation for coding guidelines.
    -----------------------------------------------------------------------
    | ram_type           | Distributed                         |          |
    -----------------------------------------------------------------------
    | Port A                                                              |
    |     aspect ratio   | 16-word x 7-bit                     |          |
    |     weA            | connected to signal <GND>           | high     |
    |     addrA          | connected to signal <hex>           |          |
    |     diA            | connected to signal <GND>           |          |
    |     doA            | connected to internal node          |          |
    -----------------------------------------------------------------------
Unit <hex_to_sseg> synthesized (advanced).

=========================================================================
Advanced HDL Synthesis Report

Macro Statistics
# RAMs                                                 : 2
 16x7-bit single-port distributed Read Only RAM        : 1
 4x4-bit single-port distributed Read Only RAM         : 1
# Adders/Subtractors                                   : 3
 3-bit adder                                           : 1
 3-bit subtractor                                      : 2
# Counters                                             : 1
 18-bit up counter                                     : 1
# Comparators                                          : 2
 3-bit comparator greater                              : 1
 3-bit comparator lessequal                            : 1
# Multiplexers                                         : 5
 4-bit 2-to-1 multiplexer                              : 4
 8-bit 3-to-1 multiplexer                              : 1

=========================================================================

=========================================================================
*                         Low Level Synthesis                           *
=========================================================================

Optimizing unit <sum_main> ...

Mapping all equations...
Building and optimizing final netlist ...
Found area constraint ratio of 100 (+ 5) on block sum_main, actual ratio is 0.

Final Macro Processing ...

=========================================================================
Final Register Report

Macro Statistics
# Registers                                            : 18
 Flip-Flops                                            : 18

=========================================================================

=========================================================================
*                           Partition Report                            *
=========================================================================

Partition Implementation Status
-------------------------------

  No Partitions were found in this design.

-------------------------------

=========================================================================
*                            Design Summary                             *
=========================================================================

Top Level Output File Name         : sum_main.ngc

Primitive and Black Box Usage:
------------------------------
# BELS                             : 92
#      GND                         : 1
#      INV                         : 1
#      LUT1                        : 17
#      LUT2                        : 12
#      LUT3                        : 1
#      LUT4                        : 7
#      LUT5                        : 11
#      LUT6                        : 6
#      MUXCY                       : 17
#      VCC                         : 1
#      XORCY                       : 18
# FlipFlops/Latches                : 18
#      FD                          : 18
# Clock Buffers                    : 1
#      BUFGP                       : 1
# IO Buffers                       : 26
#      IBUF                        : 10
#      OBUF                        : 16

Device utilization summary:
---------------------------

Selected Device : 6slx16csg324-3 


Slice Logic Utilization: 
 Number of Slice Registers:              18  out of  18224     0%  
 Number of Slice LUTs:                   55  out of   9112     0%  
    Number used as Logic:                55  out of   9112     0%  

Slice Logic Distribution: 
 Number of LUT Flip Flop pairs used:     55
   Number with an unused Flip Flop:      37  out of     55    67%  
   Number with an unused LUT:             0  out of     55     0%  
   Number of fully used LUT-FF pairs:    18  out of     55    32%  
   Number of unique control sets:         1

IO Utilization: 
 Number of IOs:                          27
 Number of bonded IOBs:                  27  out of    232    11%  

Specific Feature Utilization:
 Number of BUFG/BUFGCTRLs:                1  out of     16     6%  

---------------------------
Partition Resource Summary:
---------------------------

  No Partitions were found in this design.

---------------------------


=========================================================================
Timing Report

NOTE: THESE TIMING NUMBERS ARE ONLY A SYNTHESIS ESTIMATE.
      FOR ACCURATE TIMING INFORMATION PLEASE REFER TO THE TRACE REPORT
      GENERATED AFTER PLACE-and-ROUTE.

Clock Information:
------------------
-----------------------------------+------------------------+-------+
Clock Signal                       | Clock buffer(FF name)  | Load  |
-----------------------------------+------------------------+-------+
clk                                | BUFGP                  | 18    |
-----------------------------------+------------------------+-------+

Asynchronous Control Signals Information:
----------------------------------------
No asynchronous control signals found in this design

Timing Summary:
---------------
Speed Grade: -3

   Minimum period: 2.039ns (Maximum Frequency: 490.328MHz)
   Minimum input arrival time before clock: No path found
   Maximum output required time after clock: 5.077ns
   Maximum combinational path delay: 10.646ns

Timing Details:
---------------
All values displayed in nanoseconds (ns)

=========================================================================
Timing constraint: Default period analysis for Clock 'clk'
  Clock period: 2.039ns (frequency: 490.328MHz)
  Total number of paths / destination ports: 171 / 18
-------------------------------------------------------------------------
Delay:               2.039ns (Levels of Logic = 3)
  Source:            disp_m/q_reg_16 (FF)
  Destination:       disp_m/q_reg_17 (FF)
  Source Clock:      clk rising
  Destination Clock: clk rising

  Data Path: disp_m/q_reg_16 to disp_m/q_reg_17
                                Gate     Net
    Cell:in->out      fanout   Delay   Delay  Logical Name (Net Name)
    ----------------------------------------  ------------
     FD:C->Q              13   0.447   0.933  disp_m/q_reg_16 (disp_m/q_reg_16)
     LUT1:I0->O            1   0.205   0.000  disp_m/Mcount_q_reg_cy<16>_rt (disp_m/Mcount_q_reg_cy<16>_rt)
     MUXCY:S->O            0   0.172   0.000  disp_m/Mcount_q_reg_cy<16> (disp_m/Mcount_q_reg_cy<16>)
     XORCY:CI->O           1   0.180   0.000  disp_m/Mcount_q_reg_xor<17> (Result<17>)
     FD:D                      0.102          disp_m/q_reg_17
    ----------------------------------------
    Total                      2.039ns (1.106ns logic, 0.933ns route)
                                       (54.2% logic, 45.8% route)

=========================================================================
Timing constraint: Default OFFSET OUT AFTER for Clock 'clk'
  Total number of paths / destination ports: 24 / 12
-------------------------------------------------------------------------
Offset:              5.077ns (Levels of Logic = 2)
  Source:            disp_m/q_reg_17 (FF)
  Destination:       seg<7> (PAD)
  Source Clock:      clk rising

  Data Path: disp_m/q_reg_17 to seg<7>
                                Gate     Net
    Cell:in->out      fanout   Delay   Delay  Logical Name (Net Name)
    ----------------------------------------  ------------
     FD:C->Q              13   0.447   1.277  disp_m/q_reg_17 (disp_m/q_reg_17)
     LUT5:I0->O            1   0.203   0.579  disp_m/Mmux_sseg61 (seg_5_OBUF)
     OBUF:I->O                 2.571          seg_5_OBUF (seg<5>)
    ----------------------------------------
    Total                      5.077ns (3.221ns logic, 1.856ns route)
                                       (63.4% logic, 36.6% route)

=========================================================================
Timing constraint: Default path analysis
  Total number of paths / destination ports: 1094 / 12
-------------------------------------------------------------------------
Delay:               10.646ns (Levels of Logic = 8)
  Source:            a2 (PAD)
  Destination:       seg<6> (PAD)

  Data Path: a2 to seg<6>
                                Gate     Net
    Cell:in->out      fanout   Delay   Delay  Logical Name (Net Name)
    ----------------------------------------  ------------
     IBUF:I->O             5   1.222   1.079  a2_IBUF (a2_IBUF)
     LUT6:I0->O            3   0.203   0.755  adder/a[2]_b[2]_LessThan_3_o1 (adder/a[2]_b[2]_LessThan_3_o)
     LUT4:I2->O            3   0.203   0.898  adder/Mmux_sum221 (adder/Mmux_sum22)
     LUT6:I2->O            1   0.203   0.684  adder/Mmux_sum22 (adder/Mmux_sum23)
     LUT6:I4->O            2   0.203   0.617  adder/Mmux_sum23 (sum1_OBUF)
     LUT5:I4->O            7   0.205   1.021  to_display<1>1 (to_display<1>)
     LUT5:I1->O            1   0.203   0.579  disp_m/Mmux_sseg61 (seg_5_OBUF)
     OBUF:I->O                 2.571          seg_5_OBUF (seg<5>)
    ----------------------------------------
    Total                     10.646ns (5.013ns logic, 5.633ns route)
                                       (47.1% logic, 52.9% route)

=========================================================================

Cross Clock Domains Report:
--------------------------

Clock to Setup on destination clock clk
---------------+---------+---------+---------+---------+
               | Src:Rise| Src:Fall| Src:Rise| Src:Fall|
Source Clock   |Dest:Rise|Dest:Rise|Dest:Fall|Dest:Fall|
---------------+---------+---------+---------+---------+
clk            |    2.039|         |         |         |
---------------+---------+---------+---------+---------+

=========================================================================


Total REAL time to Xst completion: 5.00 secs
Total CPU time to Xst completion: 4.40 secs
 
--> 


Total memory usage is 389932 kilobytes

Number of errors   :    0 (   0 filtered)
Number of warnings :    1 (   0 filtered)
Number of infos    :    2 (   0 filtered)

